<?xml version="1.0" encoding="UTF-8"?>
<coverage generated="1763814220725" clover="3.2.0">
  <project timestamp="1763814220725" name="All files">
    <metrics statements="78" coveredstatements="77" conditionals="10" coveredconditionals="10" methods="18" coveredmethods="18" elements="106" coveredelements="105" complexity="0" loc="78" ncloc="78" packages="1" files="1" classes="1"/>
    <file name="vibelink-client.ts" path="/Users/eladbenhaim/dev/personal/unity-vibe-link/mcp-server/src/vibelink-client.ts">
      <metrics statements="78" coveredstatements="77" conditionals="10" coveredconditionals="10" methods="18" coveredmethods="18"/>
      <line num="1" count="3" type="stmt"/>
      <line num="2" count="3" type="stmt"/>
      <line num="22" count="3" type="stmt"/>
      <line num="23" count="3" type="stmt"/>
      <line num="24" count="3" type="stmt"/>
      <line num="25" count="3" type="stmt"/>
      <line num="27" count="50" type="stmt"/>
      <line num="28" count="50" type="stmt"/>
      <line num="33" count="50" type="stmt"/>
      <line num="35" count="50" type="stmt"/>
      <line num="40" count="6" type="stmt"/>
      <line num="44" count="50" type="cond" truecount="1" falsecount="0"/>
      <line num="45" count="1" type="stmt"/>
      <line num="48" count="49" type="stmt"/>
      <line num="49" count="49" type="stmt"/>
      <line num="51" count="49" type="stmt"/>
      <line num="53" count="49" type="stmt"/>
      <line num="55" count="49" type="stmt"/>
      <line num="56" count="1" type="stmt"/>
      <line num="57" count="1" type="stmt"/>
      <line num="60" count="49" type="stmt"/>
      <line num="61" count="44" type="stmt"/>
      <line num="62" count="44" type="stmt"/>
      <line num="63" count="44" type="stmt"/>
      <line num="64" count="44" type="stmt"/>
      <line num="67" count="49" type="stmt"/>
      <line num="68" count="168" type="stmt"/>
      <line num="71" count="49" type="stmt"/>
      <line num="72" count="2" type="stmt"/>
      <line num="73" count="2" type="stmt"/>
      <line num="74" count="2" type="stmt"/>
      <line num="75" count="2" type="stmt"/>
      <line num="78" count="49" type="stmt"/>
      <line num="79" count="9" type="stmt"/>
      <line num="80" count="9" type="stmt"/>
      <line num="83" count="9" type="stmt"/>
      <line num="84" count="3" type="stmt"/>
      <line num="85" count="3" type="stmt"/>
      <line num="87" count="9" type="stmt"/>
      <line num="93" count="15" type="cond" truecount="1" falsecount="0"/>
      <line num="94" count="15" type="stmt"/>
      <line num="95" count="15" type="stmt"/>
      <line num="96" count="15" type="stmt"/>
      <line num="101" count="140" type="cond" truecount="1" falsecount="0"/>
      <line num="102" count="1" type="stmt"/>
      <line num="105" count="139" type="stmt"/>
      <line num="113" count="139" type="stmt"/>
      <line num="115" count="139" type="stmt"/>
      <line num="116" count="1" type="stmt"/>
      <line num="117" count="1" type="stmt"/>
      <line num="120" count="139" type="stmt"/>
      <line num="123" count="139" type="stmt"/>
      <line num="124" count="139" type="stmt"/>
      <line num="129" count="1" type="stmt"/>
      <line num="130" count="1" type="stmt"/>
      <line num="131" count="0" type="stmt"/>
      <line num="133" count="1" type="stmt"/>
      <line num="138" count="168" type="stmt"/>
      <line num="142" count="168" type="stmt"/>
      <line num="143" count="131" type="stmt"/>
      <line num="144" count="131" type="stmt"/>
      <line num="146" count="131" type="stmt"/>
      <line num="147" count="131" type="stmt"/>
      <line num="148" count="130" type="stmt"/>
      <line num="150" count="1" type="stmt"/>
      <line num="156" count="130" type="stmt"/>
      <line num="157" count="130" type="cond" truecount="1" falsecount="0"/>
      <line num="158" count="1" type="stmt"/>
      <line num="159" count="1" type="stmt"/>
      <line num="162" count="129" type="stmt"/>
      <line num="163" count="129" type="stmt"/>
      <line num="165" count="129" type="cond" truecount="2" falsecount="0"/>
      <line num="166" count="125" type="stmt"/>
      <line num="168" count="4" type="cond" truecount="2" falsecount="0"/>
      <line num="173" count="42" type="cond" truecount="2" falsecount="0"/>
      <line num="174" count="1" type="stmt"/>
      <line num="177" count="41" type="stmt"/>
      <line num="182" count="139" type="stmt"/>
    </file>
  </project>
</coverage>
