{"/Users/eladbenhaim/dev/personal/unity-vibe-link/mcp-server/src/vibelink-client.ts": {"path":"/Users/eladbenhaim/dev/personal/unity-vibe-link/mcp-server/src/vibelink-client.ts","statementMap":{"0":{"start":{"line":1,"column":0},"end":{"line":1,"column":22}},"1":{"start":{"line":2,"column":0},"end":{"line":2,"column":36}},"2":{"start":{"line":23,"column":38},"end":{"line":23,"column":59}},"3":{"start":{"line":24,"column":47},"end":{"line":24,"column":52}},"4":{"start":{"line":25,"column":45},"end":{"line":25,"column":50}},"5":{"start":{"line":27,"column":38},"end":{"line":27,"column":42}},"6":{"start":{"line":28,"column":31},"end":{"line":28,"column":36}},"7":{"start":{"line":33,"column":7},"end":{"line":33,"column":16}},"8":{"start":{"line":35,"column":27},"end":{"line":35,"column":29}},"9":{"start":{"line":40,"column":4},"end":{"line":40,"column":26}},"10":{"start":{"line":44,"column":4},"end":{"line":46,"column":5}},"11":{"start":{"line":45,"column":6},"end":{"line":45,"column":13}},"12":{"start":{"line":48,"column":4},"end":{"line":89,"column":7}},"13":{"start":{"line":49,"column":23},"end":{"line":49,"column":41}},"14":{"start":{"line":51,"column":6},"end":{"line":51,"column":77}},"15":{"start":{"line":53,"column":6},"end":{"line":53,"column":51}},"16":{"start":{"line":55,"column":22},"end":{"line":58,"column":43}},"17":{"start":{"line":56,"column":8},"end":{"line":56,"column":31}},"18":{"start":{"line":57,"column":8},"end":{"line":57,"column":97}},"19":{"start":{"line":60,"column":6},"end":{"line":65,"column":9}},"20":{"start":{"line":61,"column":8},"end":{"line":61,"column":30}},"21":{"start":{"line":62,"column":8},"end":{"line":62,"column":30}},"22":{"start":{"line":63,"column":8},"end":{"line":63,"column":63}},"23":{"start":{"line":64,"column":8},"end":{"line":64,"column":18}},"24":{"start":{"line":67,"column":6},"end":{"line":69,"column":9}},"25":{"start":{"line":68,"column":8},"end":{"line":68,"column":30}},"26":{"start":{"line":71,"column":6},"end":{"line":76,"column":9}},"27":{"start":{"line":72,"column":8},"end":{"line":72,"column":30}},"28":{"start":{"line":73,"column":8},"end":{"line":73,"column":64}},"29":{"start":{"line":74,"column":8},"end":{"line":74,"column":31}},"30":{"start":{"line":75,"column":8},"end":{"line":75,"column":22}},"31":{"start":{"line":78,"column":6},"end":{"line":88,"column":9}},"32":{"start":{"line":79,"column":8},"end":{"line":79,"column":61}},"33":{"start":{"line":80,"column":8},"end":{"line":80,"column":31}},"34":{"start":{"line":83,"column":8},"end":{"line":86,"column":9}},"35":{"start":{"line":84,"column":10},"end":{"line":84,"column":40}},"36":{"start":{"line":85,"column":10},"end":{"line":85,"column":57}},"37":{"start":{"line":87,"column":8},"end":{"line":87,"column":38}},"38":{"start":{"line":93,"column":4},"end":{"line":97,"column":5}},"39":{"start":{"line":94,"column":6},"end":{"line":94,"column":28}},"40":{"start":{"line":95,"column":6},"end":{"line":95,"column":25}},"41":{"start":{"line":96,"column":6},"end":{"line":96,"column":29}},"42":{"start":{"line":101,"column":4},"end":{"line":103,"column":5}},"43":{"start":{"line":102,"column":6},"end":{"line":102,"column":71}},"44":{"start":{"line":105,"column":37},"end":{"line":111,"column":6}},"45":{"start":{"line":113,"column":4},"end":{"line":125,"column":7}},"46":{"start":{"line":115,"column":22},"end":{"line":118,"column":41}},"47":{"start":{"line":116,"column":8},"end":{"line":116,"column":49}},"48":{"start":{"line":117,"column":8},"end":{"line":117,"column":57}},"49":{"start":{"line":120,"column":6},"end":{"line":120,"column":74}},"50":{"start":{"line":123,"column":26},"end":{"line":123,"column":56}},"51":{"start":{"line":124,"column":6},"end":{"line":124,"column":38}},"52":{"start":{"line":129,"column":4},"end":{"line":134,"column":5}},"53":{"start":{"line":130,"column":19},"end":{"line":130,"column":47}},"54":{"start":{"line":131,"column":6},"end":{"line":131,"column":37}},"55":{"start":{"line":133,"column":6},"end":{"line":133,"column":56}},"56":{"start":{"line":138,"column":4},"end":{"line":138,"column":35}},"57":{"start":{"line":142,"column":4},"end":{"line":152,"column":5}},"58":{"start":{"line":143,"column":26},"end":{"line":143,"column":64}},"59":{"start":{"line":144,"column":6},"end":{"line":144,"column":60}},"60":{"start":{"line":146,"column":6},"end":{"line":151,"column":7}},"61":{"start":{"line":147,"column":43},"end":{"line":147,"column":66}},"62":{"start":{"line":148,"column":8},"end":{"line":148,"column":38}},"63":{"start":{"line":150,"column":8},"end":{"line":150,"column":76}},"64":{"start":{"line":156,"column":20},"end":{"line":156,"column":58}},"65":{"start":{"line":157,"column":4},"end":{"line":160,"column":5}},"66":{"start":{"line":158,"column":6},"end":{"line":158,"column":95}},"67":{"start":{"line":159,"column":6},"end":{"line":159,"column":13}},"68":{"start":{"line":162,"column":4},"end":{"line":162,"column":34}},"69":{"start":{"line":163,"column":4},"end":{"line":163,"column":46}},"70":{"start":{"line":165,"column":4},"end":{"line":169,"column":5}},"71":{"start":{"line":166,"column":6},"end":{"line":166,"column":39}},"72":{"start":{"line":168,"column":6},"end":{"line":168,"column":67}},"73":{"start":{"line":173,"column":4},"end":{"line":178,"column":5}},"74":{"start":{"line":174,"column":6},"end":{"line":174,"column":56}},"75":{"start":{"line":177,"column":6},"end":{"line":177,"column":48}},"76":{"start":{"line":182,"column":4},"end":{"line":182,"column":73}},"77":{"start":{"line":22,"column":0},"end":{"line":22,"column":13}}},"fnMap":{"0":{"name":"(anonymous_1)","decl":{"start":{"line":37,"column":2},"end":{"line":37,"column":17}},"loc":{"start":{"line":37,"column":2},"end":{"line":37,"column":18}}},"1":{"name":"(anonymous_2)","decl":{"start":{"line":39,"column":9},"end":{"line":39,"column":20}},"loc":{"start":{"line":39,"column":20},"end":{"line":41,"column":3}}},"2":{"name":"(anonymous_3)","decl":{"start":{"line":43,"column":9},"end":{"line":43,"column":14}},"loc":{"start":{"line":43,"column":22},"end":{"line":90,"column":3}}},"3":{"name":"(anonymous_4)","decl":{"start":{"line":48,"column":23},"end":{"line":48,"column":24}},"loc":{"start":{"line":48,"column":43},"end":{"line":89,"column":5}}},"4":{"name":"(anonymous_5)","decl":{"start":{"line":55,"column":33},"end":{"line":55,"column":36}},"loc":{"start":{"line":55,"column":38},"end":{"line":58,"column":7}}},"5":{"name":"(anonymous_6)","decl":{"start":{"line":60,"column":32},"end":{"line":60,"column":35}},"loc":{"start":{"line":60,"column":37},"end":{"line":65,"column":7}}},"6":{"name":"(anonymous_7)","decl":{"start":{"line":67,"column":29},"end":{"line":67,"column":30}},"loc":{"start":{"line":67,"column":38},"end":{"line":69,"column":7}}},"7":{"name":"(anonymous_8)","decl":{"start":{"line":71,"column":30},"end":{"line":71,"column":31}},"loc":{"start":{"line":71,"column":40},"end":{"line":76,"column":7}}},"8":{"name":"(anonymous_9)","decl":{"start":{"line":78,"column":30},"end":{"line":78,"column":33}},"loc":{"start":{"line":78,"column":35},"end":{"line":88,"column":7}}},"9":{"name":"(anonymous_10)","decl":{"start":{"line":92,"column":9},"end":{"line":92,"column":14}},"loc":{"start":{"line":92,"column":25},"end":{"line":98,"column":3}}},"10":{"name":"(anonymous_11)","decl":{"start":{"line":100,"column":9},"end":{"line":100,"column":14}},"loc":{"start":{"line":100,"column":56},"end":{"line":126,"column":3}}},"11":{"name":"(anonymous_12)","decl":{"start":{"line":113,"column":23},"end":{"line":113,"column":24}},"loc":{"start":{"line":113,"column":43},"end":{"line":125,"column":5}}},"12":{"name":"(anonymous_13)","decl":{"start":{"line":115,"column":33},"end":{"line":115,"column":36}},"loc":{"start":{"line":115,"column":38},"end":{"line":118,"column":7}}},"13":{"name":"(anonymous_14)","decl":{"start":{"line":128,"column":9},"end":{"line":128,"column":14}},"loc":{"start":{"line":128,"column":50},"end":{"line":135,"column":3}}},"14":{"name":"(anonymous_15)","decl":{"start":{"line":137,"column":10},"end":{"line":137,"column":20}},"loc":{"start":{"line":137,"column":33},"end":{"line":153,"column":3}}},"15":{"name":"(anonymous_16)","decl":{"start":{"line":155,"column":10},"end":{"line":155,"column":24}},"loc":{"start":{"line":155,"column":51},"end":{"line":170,"column":3}}},"16":{"name":"(anonymous_17)","decl":{"start":{"line":172,"column":10},"end":{"line":172,"column":21}},"loc":{"start":{"line":172,"column":21},"end":{"line":179,"column":3}}},"17":{"name":"(anonymous_18)","decl":{"start":{"line":181,"column":10},"end":{"line":181,"column":20}},"loc":{"start":{"line":181,"column":20},"end":{"line":183,"column":3}}}},"branchMap":{"0":{"loc":{"start":{"line":44,"column":4},"end":{"line":46,"column":5}},"type":"if","locations":[{"start":{"line":44,"column":4},"end":{"line":46,"column":5}}]},"1":{"loc":{"start":{"line":93,"column":4},"end":{"line":97,"column":5}},"type":"if","locations":[{"start":{"line":93,"column":4},"end":{"line":97,"column":5}}]},"2":{"loc":{"start":{"line":101,"column":4},"end":{"line":103,"column":5}},"type":"if","locations":[{"start":{"line":101,"column":4},"end":{"line":103,"column":5}}]},"3":{"loc":{"start":{"line":157,"column":4},"end":{"line":160,"column":5}},"type":"if","locations":[{"start":{"line":157,"column":4},"end":{"line":160,"column":5}}]},"4":{"loc":{"start":{"line":165,"column":4},"end":{"line":169,"column":5}},"type":"if","locations":[{"start":{"line":165,"column":4},"end":{"line":169,"column":5}},{"start":{"line":167,"column":11},"end":{"line":169,"column":5}}]},"5":{"loc":{"start":{"line":168,"column":31},"end":{"line":168,"column":64}},"type":"binary-expr","locations":[{"start":{"line":168,"column":31},"end":{"line":168,"column":45}},{"start":{"line":168,"column":49},"end":{"line":168,"column":64}}]},"6":{"loc":{"start":{"line":173,"column":4},"end":{"line":178,"column":5}},"type":"if","locations":[{"start":{"line":173,"column":4},"end":{"line":178,"column":5}},{"start":{"line":175,"column":11},"end":{"line":178,"column":5}}]}},"s":{"0":3,"1":3,"2":3,"3":3,"4":3,"5":50,"6":50,"7":50,"8":50,"9":6,"10":50,"11":1,"12":49,"13":49,"14":49,"15":49,"16":49,"17":1,"18":1,"19":49,"20":44,"21":44,"22":44,"23":44,"24":49,"25":168,"26":49,"27":2,"28":2,"29":2,"30":2,"31":49,"32":9,"33":9,"34":9,"35":3,"36":3,"37":9,"38":15,"39":15,"40":15,"41":15,"42":140,"43":1,"44":139,"45":139,"46":139,"47":1,"48":1,"49":139,"50":139,"51":139,"52":1,"53":1,"54":0,"55":1,"56":168,"57":168,"58":131,"59":131,"60":131,"61":131,"62":130,"63":1,"64":130,"65":130,"66":1,"67":1,"68":129,"69":129,"70":129,"71":125,"72":4,"73":42,"74":1,"75":41,"76":139,"77":3},"f":{"0":50,"1":6,"2":50,"3":49,"4":1,"5":44,"6":168,"7":2,"8":9,"9":15,"10":140,"11":139,"12":1,"13":1,"14":168,"15":130,"16":42,"17":139},"b":{"0":[1],"1":[15],"2":[1],"3":[1],"4":[125,4],"5":[4,2],"6":[1,41]}}
}
