TN:
SF:src/vibelink-client.ts
FN:37,(anonymous_1)
FN:39,(anonymous_2)
FN:43,(anonymous_3)
FN:48,(anonymous_4)
FN:55,(anonymous_5)
FN:60,(anonymous_6)
FN:67,(anonymous_7)
FN:71,(anonymous_8)
FN:78,(anonymous_9)
FN:92,(anonymous_10)
FN:100,(anonymous_11)
FN:113,(anonymous_12)
FN:115,(anonymous_13)
FN:128,(anonymous_14)
FN:137,(anonymous_15)
FN:155,(anonymous_16)
FN:172,(anonymous_17)
FN:181,(anonymous_18)
FNF:18
FNH:18
FNDA:50,(anonymous_1)
FNDA:6,(anonymous_2)
FNDA:50,(anonymous_3)
FNDA:49,(anonymous_4)
FNDA:1,(anonymous_5)
FNDA:44,(anonymous_6)
FNDA:168,(anonymous_7)
FNDA:2,(anonymous_8)
FNDA:9,(anonymous_9)
FNDA:15,(anonymous_10)
FNDA:140,(anonymous_11)
FNDA:139,(anonymous_12)
FNDA:1,(anonymous_13)
FNDA:1,(anonymous_14)
FNDA:168,(anonymous_15)
FNDA:130,(anonymous_16)
FNDA:42,(anonymous_17)
FNDA:139,(anonymous_18)
DA:1,3
DA:2,3
DA:22,3
DA:23,3
DA:24,3
DA:25,3
DA:27,50
DA:28,50
DA:33,50
DA:35,50
DA:40,6
DA:44,50
DA:45,1
DA:48,49
DA:49,49
DA:51,49
DA:53,49
DA:55,49
DA:56,1
DA:57,1
DA:60,49
DA:61,44
DA:62,44
DA:63,44
DA:64,44
DA:67,49
DA:68,168
DA:71,49
DA:72,2
DA:73,2
DA:74,2
DA:75,2
DA:78,49
DA:79,9
DA:80,9
DA:83,9
DA:84,3
DA:85,3
DA:87,9
DA:93,15
DA:94,15
DA:95,15
DA:96,15
DA:101,140
DA:102,1
DA:105,139
DA:113,139
DA:115,139
DA:116,1
DA:117,1
DA:120,139
DA:123,139
DA:124,139
DA:129,1
DA:130,1
DA:131,0
DA:133,1
DA:138,168
DA:142,168
DA:143,131
DA:144,131
DA:146,131
DA:147,131
DA:148,130
DA:150,1
DA:156,130
DA:157,130
DA:158,1
DA:159,1
DA:162,129
DA:163,129
DA:165,129
DA:166,125
DA:168,4
DA:173,42
DA:174,1
DA:177,41
DA:182,139
LF:78
LH:77
BRDA:44,0,0,1
BRDA:93,1,0,15
BRDA:101,2,0,1
BRDA:157,3,0,1
BRDA:165,4,0,125
BRDA:165,4,1,4
BRDA:168,5,0,4
BRDA:168,5,1,2
BRDA:173,6,0,1
BRDA:173,6,1,41
BRF:10
BRH:10
end_of_record
